<?xml version="1.0" encoding="UTF-8"?>
<persistence xmlns="http://java.sun.com/xml/ns/persistence" version="2.0">

    <persistence-unit name="ATCONSTESTPU" transaction-type="JTA">
        <provider>org.hibernate.jpa.HibernatePersistenceProvider</provider>
        <jta-data-source>java:jboss/datasources/ATCDS</jta-data-source>
        <properties>
            <property name="hibernate.dialect" value="org.hibernate.dialect.PostgreSQL82Dialect"/>
        </properties>
    </persistence-unit>
</persistence>
